<?xml version="1.0" encoding="UTF-8"?>
<testsuite name="com.demoqa.FirstJUnitTest" tests="2" skipped="0" failures="0" errors="0" timestamp="2023-03-31T07:46:29" hostname="MacBook-Pro-Ila.local" time="0.01">
  <properties/>
  <testcase name="firstTest()" classname="com.demoqa.FirstJUnitTest" time="0.009"/>
  <testcase name="secondTest()" classname="com.demoqa.FirstJUnitTest" time="0.001"/>
  <system-out><![CDATA[#### @BeforeAll
    #### @BeforeEach
       #### @Test firstTest
    #### @AfterEach
    #### @BeforeEach
       #### @Test secondTest
    #### @AfterEach
#### @AfterAll
]]></system-out>
  <system-err><![CDATA[]]></system-err>
</testsuite>
